> Task :app:preBuild UP-TO-DATE
> Task :app:preDebugBuild UP-TO-DATE
> Task :app:mergeDebugNativeDebugMetadata NO-SOURCE
> Task :app:checkKotlinGradlePluginConfigurationErrors SKIPPED
> Task :app:checkDebugAarMetadata UP-TO-DATE
> Task :app:generateDebugResValues UP-TO-DATE
> Task :app:mapDebugSourceSetPaths UP-TO-DATE
> Task :app:generateDebugResources UP-TO-DATE
> Task :app:mergeDebugResources UP-TO-DATE
> Task :app:packageDebugResources UP-TO-DATE
> Task :app:parseDebugLocalResources UP-TO-DATE
> Task :app:createDebugCompatibleScreenManifests UP-TO-DATE
> Task :app:extractDeepLinksDebug UP-TO-DATE
> Task :app:processDebugMainManifest UP-TO-DATE
> Task :app:processDebugManifest UP-TO-DATE
> Task :app:processDebugManifestForPackage UP-TO-DATE
> Task :app:processDebugResources UP-TO-DATE
> Task :app:kspDebugKotlin UP-TO-DATE
> Task :app:javaPreCompileDebug UP-TO-DATE
> Task :app:mergeDebugShaders UP-TO-DATE
> Task :app:compileDebugShaders NO-SOURCE
> Task :app:generateDebugAssets UP-TO-DATE
> Task :app:mergeDebugAssets UP-TO-DATE
> Task :app:compressDebugAssets UP-TO-DATE
> Task :app:desugarDebugFileDependencies UP-TO-DATE
> Task :app:checkDebugDuplicateClasses UP-TO-DATE
> Task :app:mergeExtDexDebug UP-TO-DATE
> Task :app:mergeLibDexDebug UP-TO-DATE
> Task :app:mergeDebugJniLibFolders UP-TO-DATE
> Task :app:mergeDebugNativeLibs UP-TO-DATE
> Task :app:stripDebugDebugSymbols UP-TO-DATE
> Task :app:validateSigningDebug UP-TO-DATE
> Task :app:writeDebugAppMetadata UP-TO-DATE
> Task :app:writeDebugSigningConfigVersions UP-TO-DATE

> Task :app:compileDebugKotlin FAILED
./gradlew : e: file:///D:/Androi/MusicApp/app/
src/main/java/com/example/movieapp/presentatio
n/pages/SearchScreen.kt:45:40 Unresolved 
reference 'textFieldColors'.
At line:1 char:1
+ ./gradlew assembleDebug > 
final_final_error.log 2>&1
+ ~~~~~~~~~~~~~~~~~~~~~~~~~~~~~~~~~~~~~~~~~~~~
~~~~~~~~
    + CategoryInfo          : NotSpecified: ( 
   e: file:///D:/A...xtFieldColors'.:String)  
   [], RemoteException
    + FullyQualifiedErrorId : NativeCommandEr 
   ror
 
e: file:///D:/Androi/MusicApp/app/src/main/jav
a/com/example/movieapp/presentation/viewmodel/
ActorViewModel.kt:34:34 None of the following 
candidates is applicable:
fun <reified T> NavBackStackEntry.toRoute(): T
fun <reified T : Any> 
SavedStateHandle.toRoute(typeMap: Map<KType, 
@JvmSuppressWildcards() NavType<*>> = ...): T
e: file:///D:/Androi/MusicApp/app/src/main/jav
a/com/example/movieapp/presentation/viewmodel/
ActorViewModel.kt:34:63 Unresolved reference 
'ActorRoute'.
e: file:///D:/Androi/MusicApp/app/src/main/jav
a/com/example/movieapp/presentation/viewmodel/
ActorViewModel.kt:35:29 Unresolved reference 
'actorId'.
e: file:///D:/Androi/MusicApp/app/src/main/jav
a/com/example/movieapp/presentation/viewmodel/
DetailViewModel.kt:42:34 None of the 
following candidates is applicable:
fun <reified T> NavBackStackEntry.toRoute(): T
fun <reified T : Any> 
SavedStateHandle.toRoute(typeMap: Map<KType, 
@JvmSuppressWildcards() NavType<*>> = ...): T
e: file:///D:/Androi/MusicApp/app/src/main/jav
a/com/example/movieapp/presentation/viewmodel/
DetailViewModel.kt:42:63 Unresolved reference 
'DetailRoute'.
e: file:///D:/Androi/MusicApp/app/src/main/jav
a/com/example/movieapp/presentation/viewmodel/
DetailViewModel.kt:43:29 Unresolved reference 
'movieId'.

FAILURE: Build failed with an exception.

* What went wrong:
Execution failed for task 
':app:compileDebugKotlin'.
> A failure occurred while executing org.jetbr
ains.kotlin.compilerRunner.GradleCompilerRunne
rWithWorkers$GradleKotlinCompilerWorkAction
   > Compilation error. See log for more 
details

* Try:
> Run with --stacktrace option to get the 
stack trace.
> Run with --info or --debug option to get 
more log output.
> Run with --scan to get full insights.
> Get more help at https://help.gradle.org.

BUILD FAILED in 6s
29 actionable tasks: 1 executed, 28 up-to-date
